#
# There is insufficient memory for the Java Runtime Environment to continue.
# Native memory allocation (malloc) failed to allocate 32744 bytes for ChunkPool::allocate
# Possible reasons:
#   The system is out of physical RAM or swap space
#   The process is running with CompressedOops enabled, and the Java Heap may be blocking the growth of the native heap
# Possible solutions:
#   Reduce memory load on the system
#   Increase physical memory or swap space
#   Check if swap backing store is full
#   Decrease Java heap size (-Xmx/-Xms)
#   Decrease number of Java threads
#   Decrease Java thread stack sizes (-Xss)
#   Set larger code cache with -XX:ReservedCodeCacheSize=
#   JVM is running with Unscaled Compressed Oops mode in which the Java heap is
#     placed in the first 4GB address space. The Java Heap base address is the
#     maximum limit for the native heap growth. Please use -XX:HeapBaseMinAddress
#     to set the Java Heap base and to place the Java Heap above 4GB virtual address.
# This output file may be truncated or incomplete.
#
#  Out of Memory Error (allocation.cpp:273), pid=25120, tid=0x0000000000005d28
#
# JRE version: Java(TM) SE Runtime Environment (8.0_201-b09) (build 1.8.0_201-b09)
# Java VM: Java HotSpot(TM) 64-Bit Server VM (25.201-b09 mixed mode windows-amd64 compressed oops)
# Failed to write core dump. Minidumps are not enabled by default on client versions of Windows
#

---------------  T H R E A D  ---------------

Current thread (0x0000000019e11800):  JavaThread "AWT-EventQueue-0" [_thread_in_native, id=23848, stack(0x000000001b150000,0x000000001b250000)]

Stack: [0x000000001b150000,0x000000001b250000]
[error occurred during error reporting (printing stack bounds), id 0xc0000005]

Native frames: (J=compiled Java code, j=interpreted, Vv=VM code, C=native code)

Java frames: (J=compiled Java code, j=interpreted, Vv=VM code)
j  javax.swing.plaf.basic.BasicListUI.getHandler()Ljavax/swing/plaf/basic/BasicListUI$Handler;+8
j  javax.swing.plaf.basic.BasicListUI.createFocusListener()Ljava/awt/event/FocusListener;+1
j  javax.swing.plaf.basic.BasicListUI.installListeners()V+52
j  javax.swing.plaf.synth.SynthListUI.installListeners()V+1
j  javax.swing.plaf.basic.BasicListUI.installUI(Ljavax/swing/JComponent;)V+71
j  javax.swing.JComponent.setUI(Ljavax/swing/plaf/ComponentUI;)V+39
j  javax.swing.JList.setUI(Ljavax/swing/plaf/ListUI;)V+2
j  javax.swing.JList.updateUI()V+8
j  javax.swing.JList.<init>(Ljavax/swing/ListModel;)V+84
j  javax.swing.plaf.basic.BasicComboPopup$1.<init>(Ljavax/swing/plaf/basic/BasicComboPopup;Ljavax/swing/ListModel;)V+7
j  javax.swing.plaf.basic.BasicComboPopup.createList()Ljavax/swing/JList;+12
j  javax.swing.plaf.basic.BasicComboPopup.<init>(Ljavax/swing/JComboBox;)V+48
j  javax.swing.plaf.synth.SynthComboPopup.<init>(Ljavax/swing/JComboBox;)V+2
j  javax.swing.plaf.synth.SynthComboBoxUI.createPopup()Ljavax/swing/plaf/basic/ComboPopup;+8
j  javax.swing.plaf.basic.BasicComboBoxUI.installUI(Ljavax/swing/JComponent;)V+19
j  javax.swing.plaf.synth.SynthComboBoxUI.installUI(Ljavax/swing/JComponent;)V+15
j  javax.swing.JComponent.setUI(Ljavax/swing/plaf/ComponentUI;)V+39
j  javax.swing.JComboBox.setUI(Ljavax/swing/plaf/ComboBoxUI;)V+2
j  javax.swing.JComboBox.updateUI()V+8
j  javax.swing.JComboBox.init()V+15
j  javax.swing.JComboBox.<init>()V+60
j  javaapplication2.Signup.initComponents()V+115
j  javaapplication2.Signup.<init>()V+5
j  javaapplication2.loginpage.jLabel3MouseClicked(Ljava/awt/event/MouseEvent;)V+4
j  javaapplication2.loginpage.access$700(Ljavaapplication2/loginpage;Ljava/awt/event/MouseEvent;)V+2
j  javaapplication2.loginpage$6.mouseClicked(Ljava/awt/event/MouseEvent;)V+5
j  java.awt.Component.processMouseEvent(Ljava/awt/event/MouseEvent;)V+74
j  javax.swing.JComponent.processMouseEvent(Ljava/awt/event/MouseEvent;)V+23
j  java.awt.Component.processEvent(Ljava/awt/AWTEvent;)V+81
j  java.awt.Container.processEvent(Ljava/awt/AWTEvent;)V+18
j  java.awt.Component.dispatchEventImpl(Ljava/awt/AWTEvent;)V+589
j  java.awt.Container.dispatchEventImpl(Ljava/awt/AWTEvent;)V+42
j  java.awt.Component.dispatchEvent(Ljava/awt/AWTEvent;)V+2
j  java.awt.LightweightDispatcher.retargetMouseEvent(Ljava/awt/Component;ILjava/awt/event/MouseEvent;)V+349
j  java.awt.LightweightDispatcher.processMouseEvent(Ljava/awt/event/MouseEvent;)Z+171
j  java.awt.LightweightDispatcher.dispatchEvent(Ljava/awt/AWTEvent;)Z+50
j  java.awt.Container.dispatchEventImpl(Ljava/awt/AWTEvent;)V+12
j  java.awt.Window.dispatchEventImpl(Ljava/awt/AWTEvent;)V+19
j  java.awt.Component.dispatchEvent(Ljava/awt/AWTEvent;)V+2
j  java.awt.EventQueue.dispatchEventImpl(Ljava/awt/AWTEvent;Ljava/lang/Object;)V+41
j  java.awt.EventQueue.access$500(Ljava/awt/EventQueue;Ljava/awt/AWTEvent;Ljava/lang/Object;)V+3
j  java.awt.EventQueue$3.run()Ljava/lang/Void;+32
j  java.awt.EventQueue$3.run()Ljava/lang/Object;+1
v  ~StubRoutines::call_stub
J 441  java.security.AccessController.doPrivileged(Ljava/security/PrivilegedAction;Ljava/security/AccessControlContext;)Ljava/lang/Object; (0 bytes) @ 0x00000000033f3866 [0x00000000033f3800+0x66]
J 691 C1 java.security.ProtectionDomain$JavaSecurityAccessImpl.doIntersectionPrivilege(Ljava/security/PrivilegedAction;Ljava/security/AccessControlContext;Ljava/security/AccessControlContext;)Ljava/lang/Object; (22 bytes) @ 0x000000000347272c [0x00000000034722c0+0x46c]
j  java.security.ProtectionDomain$JavaSecurityAccessImpl.doIntersectionPrivilege(Ljava/security/PrivilegedAction;Ljava/security/AccessControlContext;)Ljava/lang/Object;+6
j  java.awt.EventQueue$4.run()Ljava/lang/Void;+11
j  java.awt.EventQueue$4.run()Ljava/lang/Object;+1
v  ~StubRoutines::call_stub
J 441  java.security.AccessController.doPrivileged(Ljava/security/PrivilegedAction;Ljava/security/AccessControlContext;)Ljava/lang/Object; (0 bytes) @ 0x00000000033f3866 [0x00000000033f3800+0x66]
J 691 C1 java.security.ProtectionDomain$JavaSecurityAccessImpl.doIntersectionPrivilege(Ljava/security/PrivilegedAction;Ljava/security/AccessControlContext;Ljava/security/AccessControlContext;)Ljava/lang/Object; (22 bytes) @ 0x000000000347272c [0x00000000034722c0+0x46c]
j  java.awt.EventQueue.dispatchEvent(Ljava/awt/AWTEvent;)V+73
j  java.awt.EventDispatchThread.pumpOneEventForFilters(I)V+140
j  java.awt.EventDispatchThread.pumpEventsForFilter(ILjava/awt/Conditional;Ljava/awt/EventFilter;)V+35
j  java.awt.EventDispatchThread.pumpEventsForHierarchy(ILjava/awt/Conditional;Ljava/awt/Component;)V+11
j  java.awt.EventDispatchThread.pumpEvents(ILjava/awt/Conditional;)V+4
j  java.awt.EventDispatchThread.pumpEvents(Ljava/awt/Conditional;)V+3
j  java.awt.EventDispatchThread.run()V+9
v  ~StubRoutines::call_stub

---------------  P R O C E S S  ---------------

Java Threads: ( => current thread )
  0x000000001a049000 JavaThread "D3D Screen Updater" daemon [_thread_blocked, id=28560, stack(0x0000000020ed0000,0x0000000020fd0000)]
  0x0000000019efe000 JavaThread "TimerQueue" daemon [_thread_blocked, id=29312, stack(0x0000000020810000,0x0000000020910000)]
  0x0000000019e87000 JavaThread "Image Fetcher 0" daemon [_thread_blocked, id=14772, stack(0x0000000020710000,0x0000000020810000)]
  0x00000000031ee000 JavaThread "DestroyJavaVM" [_thread_blocked, id=3596, stack(0x0000000002f60000,0x0000000003060000)]
=>0x0000000019e11800 JavaThread "AWT-EventQueue-0" [_thread_in_native, id=23848, stack(0x000000001b150000,0x000000001b250000)]
  0x0000000019dfa000 JavaThread "AWT-Windows" daemon [_thread_in_native, id=28304, stack(0x000000001a760000,0x000000001a860000)]
  0x0000000019df7800 JavaThread "AWT-Shutdown" [_thread_blocked, id=17616, stack(0x000000001a660000,0x000000001a760000)]
  0x0000000019daf000 JavaThread "Java2D Disposer" daemon [_thread_blocked, id=25040, stack(0x000000001a560000,0x000000001a660000)]
  0x0000000018dd1800 JavaThread "Service Thread" daemon [_thread_blocked, id=28388, stack(0x0000000019a20000,0x0000000019b20000)]
  0x0000000018d73000 JavaThread "C1 CompilerThread3" daemon [_thread_blocked, id=3192, stack(0x0000000019920000,0x0000000019a20000)]
  0x0000000018d60000 JavaThread "C2 CompilerThread2" daemon [_thread_blocked, id=10304, stack(0x0000000019820000,0x0000000019920000)]
  0x0000000018d5a000 JavaThread "C2 CompilerThread1" daemon [_thread_blocked, id=26660, stack(0x0000000019720000,0x0000000019820000)]
  0x0000000016f3c000 JavaThread "C2 CompilerThread0" daemon [_thread_blocked, id=25648, stack(0x0000000019620000,0x0000000019720000)]
  0x0000000018d56800 JavaThread "Attach Listener" daemon [_thread_blocked, id=27796, stack(0x0000000019520000,0x0000000019620000)]
  0x0000000018d55000 JavaThread "Signal Dispatcher" daemon [_thread_blocked, id=29008, stack(0x0000000019420000,0x0000000019520000)]
  0x000000000318c800 JavaThread "Finalizer" daemon [_thread_blocked, id=14672, stack(0x0000000019220000,0x0000000019320000)]
  0x0000000018d40800 JavaThread "Reference Handler" daemon [_thread_blocked, id=28252, stack(0x0000000019120000,0x0000000019220000)]

Other Threads:
  0x0000000016f29000 VMThread [stack: 0x0000000018c20000,0x0000000018d20000] [id=17480]
  0x0000000018dd2800 WatcherThread [stack: 0x0000000019b20000,0x0000000019c20000] [id=28784]

VM state:not at safepoint (normal execution)

VM Mutex/Monitor currently owned by a thread: None

heap address: 0x00000000a0e00000, size: 1522 MB, Compressed Oops mode: 32-bit
Narrow klass base: 0x0000000000000000, Narrow klass shift: 3
Compressed class space size: 1073741824 Address: 0x0000000100000000

Heap:
 PSYoungGen      total 28672K, used 9353K [0x00000000e0500000, 0x00000000e2500000, 0x0000000100000000)
  eden space 24576K, 38% used [0x00000000e0500000,0x00000000e0e22770,0x00000000e1d00000)
  from space 4096K, 0% used [0x00000000e2100000,0x00000000e2100000,0x00000000e2500000)
  to   space 4096K, 0% used [0x00000000e1d00000,0x00000000e1d00000,0x00000000e2100000)
 ParOldGen       total 65536K, used 0K [0x00000000a0e00000, 0x00000000a4e00000, 0x00000000e0500000)
  object space 65536K, 0% used [0x00000000a0e00000,0x00000000a0e00000,0x00000000a4e00000)
 Metaspace       used 13103K, capacity 13286K, committed 13696K, reserved 1060864K
  class space    used 1726K, capacity 1805K, committed 1920K, reserved 1048576K

Card table byte_map: [0x00000000125b0000,0x00000000128b0000] byte_map_base: 0x00000000120a9000

Marking Bits: (ParMarkBitMap*) 0x0000000064394ce0
 Begin Bits: [0x00000000132b0000, 0x0000000014a78000)
 End Bits:   [0x0000000014a78000, 0x0000000016240000)

Polling page: 0x00000000016e0000

CodeCache: size=245760Kb used=2682Kb max_used=2682Kb free=243077Kb
 bounds [0x00000000031f0000, 0x00000000034a0000, 0x00000000121f0000]
 total_blobs=1223 nmethods=710 adapters=427
 compilation: enabled

Compilation events (10 events):
Event: 2.766 Thread 0x0000000018d73000  703       3       javax.swing.UIManager::getDefaults (10 bytes)
Event: 2.767 Thread 0x0000000018d73000 nmethod 703 0x0000000003476a10 code [0x0000000003476b80, 0x0000000003476d18]
Event: 2.767 Thread 0x0000000018d73000  704       3       java.util.LinkedList$ListItr::checkForComodification (23 bytes)
Event: 2.767 Thread 0x0000000018d73000 nmethod 704 0x0000000003476590 code [0x0000000003476700, 0x0000000003476928]
Event: 2.767 Thread 0x0000000018d73000  707       3       java.util.HashMap::<init> (11 bytes)
Event: 2.767 Thread 0x0000000018d73000 nmethod 707 0x0000000003476150 code [0x00000000034762c0, 0x00000000034764d0]
Event: 2.767 Thread 0x0000000018d73000  705       3       java.util.LinkedList$ListItr::next (56 bytes)
Event: 2.767 Thread 0x0000000018d73000 nmethod 705 0x0000000003478350 code [0x0000000003478500, 0x00000000034789b8]
Event: 2.767 Thread 0x0000000018d73000  706       1       javax.swing.plaf.synth.Region::isSubregion (5 bytes)
Event: 2.767 Thread 0x0000000018d73000 nmethod 706 0x0000000003475e90 code [0x0000000003475fe0, 0x00000000034760f0]

GC Heap History (0 events):
No events

Deoptimization events (3 events):
Event: 0.558 Thread 0x0000000019e11800 Uncommon trap: reason=bimorphic action=maybe_recompile pc=0x00000000033de800 method=java.util.HashMap.putVal(ILjava/lang/Object;Ljava/lang/Object;ZZ)Ljava/lang/Object; @ 152
Event: 0.626 Thread 0x0000000019dfa000 Uncommon trap: reason=unstable_if action=reinterpret pc=0x00000000033de8d8 method=java.util.HashMap.putVal(ILjava/lang/Object;Ljava/lang/Object;ZZ)Ljava/lang/Object; @ 206
Event: 0.626 Thread 0x0000000019dfa000 Uncommon trap: reason=unstable_if action=reinterpret pc=0x00000000033d4e64 method=java.util.HashMap.putVal(ILjava/lang/Object;Ljava/lang/Object;ZZ)Ljava/lang/Object; @ 206

Classes redefined (0 events):
No events

Internal exceptions (10 events):
Event: 0.303 Thread 0x00000000031ee000 Exception <a 'java/lang/ClassNotFoundException': ToolBar> (0x00000000e08c0b48) thrown at [C:\re\workspace\8-2-build-windows-amd64-cygwin\jdk8u201\12322\hotspot\src\share\vm\classfile\systemDictionary.cpp, line 210]
Event: 0.303 Thread 0x00000000031ee000 Exception <a 'java/lang/ClassNotFoundException': ToggleButton> (0x00000000e08c10f8) thrown at [C:\re\workspace\8-2-build-windows-amd64-cygwin\jdk8u201\12322\hotspot\src\share\vm\classfile\systemDictionary.cpp, line 210]
Event: 0.303 Thread 0x00000000031ee000 Exception <a 'java/lang/ClassNotFoundException': javax/swing/JToolBarSeparator> (0x00000000e08c1558) thrown at [C:\re\workspace\8-2-build-windows-amd64-cygwin\jdk8u201\12322\hotspot\src\share\vm\classfile\systemDictionary.cpp, line 210]
Event: 0.303 Thread 0x00000000031ee000 Exception <a 'java/lang/ClassNotFoundException': ToolBarSeparator> (0x00000000e08c19f0) thrown at [C:\re\workspace\8-2-build-windows-amd64-cygwin\jdk8u201\12322\hotspot\src\share\vm\classfile\systemDictionary.cpp, line 210]
Event: 0.303 Thread 0x00000000031ee000 Exception <a 'java/lang/ClassNotFoundException': ToolTip> (0x00000000e08c2130) thrown at [C:\re\workspace\8-2-build-windows-amd64-cygwin\jdk8u201\12322\hotspot\src\share\vm\classfile\systemDictionary.cpp, line 210]
Event: 0.304 Thread 0x00000000031ee000 Exception <a 'java/lang/ClassNotFoundException': Tree> (0x00000000e08c2d50) thrown at [C:\re\workspace\8-2-build-windows-amd64-cygwin\jdk8u201\12322\hotspot\src\share\vm\classfile\systemDictionary.cpp, line 210]
Event: 0.304 Thread 0x00000000031ee000 Exception <a 'java/lang/ClassNotFoundException': Tree> (0x00000000e08c3490) thrown at [C:\re\workspace\8-2-build-windows-amd64-cygwin\jdk8u201\12322\hotspot\src\share\vm\classfile\systemDictionary.cpp, line 210]
Event: 0.304 Thread 0x00000000031ee000 Exception <a 'java/lang/ClassNotFoundException': javax/swing/JTreeCell> (0x00000000e08c3810) thrown at [C:\re\workspace\8-2-build-windows-amd64-cygwin\jdk8u201\12322\hotspot\src\share\vm\classfile\systemDictionary.cpp, line 210]
Event: 0.304 Thread 0x00000000031ee000 Exception <a 'java/lang/ClassNotFoundException': TreeCell> (0x00000000e08c3c98) thrown at [C:\re\workspace\8-2-build-windows-amd64-cygwin\jdk8u201\12322\hotspot\src\share\vm\classfile\systemDictionary.cpp, line 210]
Event: 0.305 Thread 0x00000000031ee000 Exception <a 'java/lang/ClassNotFoundException': RootPane> (0x00000000e08c46f8) thrown at [C:\re\workspace\8-2-build-windows-amd64-cygwin\jdk8u201\12322\hotspot\src\share\vm\classfile\systemDictionary.cpp, line 210]

Events (10 events):
Event: 2.759 loading class javax/swing/plaf/basic/BasicListUI$ListTransferHandler done
Event: 2.759 loading class javax/swing/plaf/synth/SynthListUI$SynthListCellRenderer
Event: 2.759 loading class javax/swing/DefaultListCellRenderer$UIResource
Event: 2.759 loading class javax/swing/DefaultListCellRenderer
Event: 2.759 loading class javax/swing/ListCellRenderer
Event: 2.759 loading class javax/swing/ListCellRenderer done
Event: 2.759 loading class javax/swing/DefaultListCellRenderer done
Event: 2.759 loading class javax/swing/DefaultListCellRenderer$UIResource done
Event: 2.759 loading class javax/swing/plaf/synth/SynthListUI$SynthListCellRenderer done
Event: 2.760 loading class javax/swing/plaf/basic/BasicListUI$Handler


Dynamic libraries:
0x00007ff779900000 - 0x00007ff779937000 	C:\Program Files\Java\jdk1.8.0_201\bin\java.exe
0x00007ffa276a0000 - 0x00007ffa27890000 	C:\Windows\SYSTEM32\ntdll.dll
0x00007ffa27000000 - 0x00007ffa270b2000 	C:\Windows\System32\KERNEL32.DLL
0x00007ffa24630000 - 0x00007ffa248d3000 	C:\Windows\System32\KERNELBASE.dll
0x00007ffa259e0000 - 0x00007ffa25a83000 	C:\Windows\System32\ADVAPI32.dll
0x00007ffa25f00000 - 0x00007ffa25f9e000 	C:\Windows\System32\msvcrt.dll
0x00007ffa27540000 - 0x00007ffa275d7000 	C:\Windows\System32\sechost.dll
0x00007ffa26820000 - 0x00007ffa26940000 	C:\Windows\System32\RPCRT4.dll
0x00007ffa27240000 - 0x00007ffa273d4000 	C:\Windows\System32\USER32.dll
0x00007ffa255a0000 - 0x00007ffa255c1000 	C:\Windows\System32\win32u.dll
0x00007ffa27140000 - 0x00007ffa27166000 	C:\Windows\System32\GDI32.dll
0x00007ffa24b50000 - 0x00007ffa24ce4000 	C:\Windows\System32\gdi32full.dll
0x00007ffa24940000 - 0x00007ffa249de000 	C:\Windows\System32\msvcp_win.dll
0x00007ffa249e0000 - 0x00007ffa24ada000 	C:\Windows\System32\ucrtbase.dll
0x00007ffa0a950000 - 0x00007ffa0abd5000 	C:\Windows\WinSxS\amd64_microsoft.windows.common-controls_6595b64144ccf1df_6.0.18362.657_none_e6c5b579130e3898\COMCTL32.dll
0x00007ffa26af0000 - 0x00007ffa26e26000 	C:\Windows\System32\combase.dll
0x00007ffa25520000 - 0x00007ffa255a0000 	C:\Windows\System32\bcryptPrimitives.dll
0x00007ffa25fa0000 - 0x00007ffa25fce000 	C:\Windows\System32\IMM32.DLL
0x00000000646f0000 - 0x00000000647c1000 	C:\Program Files\Java\jdk1.8.0_201\jre\bin\msvcr100.dll
0x0000000063b70000 - 0x0000000064414000 	C:\Program Files\Java\jdk1.8.0_201\jre\bin\server\jvm.dll
0x00007ffa27130000 - 0x00007ffa27138000 	C:\Windows\System32\PSAPI.DLL
0x00007ffa22220000 - 0x00007ffa22244000 	C:\Windows\SYSTEM32\WINMM.dll
0x00007ffa1ddf0000 - 0x00007ffa1ddfa000 	C:\Windows\SYSTEM32\VERSION.dll
0x00007ffa0c030000 - 0x00007ffa0c039000 	C:\Windows\SYSTEM32\WSOCK32.dll
0x00007ffa26ee0000 - 0x00007ffa26f4f000 	C:\Windows\System32\WS2_32.dll
0x00007ffa221f0000 - 0x00007ffa2221d000 	C:\Windows\SYSTEM32\winmmbase.dll
0x00007ffa24b00000 - 0x00007ffa24b4a000 	C:\Windows\System32\cfgmgr32.dll
0x00007ffa0bc60000 - 0x00007ffa0bc6f000 	C:\Program Files\Java\jdk1.8.0_201\jre\bin\verify.dll
0x00007ffa02980000 - 0x00007ffa029a9000 	C:\Program Files\Java\jdk1.8.0_201\jre\bin\java.dll
0x00007ffa02a80000 - 0x00007ffa02a96000 	C:\Program Files\Java\jdk1.8.0_201\jre\bin\zip.dll
0x00007ffa25fd0000 - 0x00007ffa266b5000 	C:\Windows\System32\SHELL32.dll
0x00007ffa26f50000 - 0x00007ffa26ff9000 	C:\Windows\System32\shcore.dll
0x00007ffa24da0000 - 0x00007ffa2551f000 	C:\Windows\System32\windows.storage.dll
0x00007ffa245f0000 - 0x00007ffa2460f000 	C:\Windows\System32\profapi.dll
0x00007ffa245a0000 - 0x00007ffa245ea000 	C:\Windows\System32\powrprof.dll
0x00007ffa24570000 - 0x00007ffa24580000 	C:\Windows\System32\UMPDC.dll
0x00007ffa270c0000 - 0x00007ffa27112000 	C:\Windows\System32\shlwapi.dll
0x00007ffa24580000 - 0x00007ffa24591000 	C:\Windows\System32\kernel.appcore.dll
0x00007ffa24ae0000 - 0x00007ffa24af7000 	C:\Windows\System32\cryptsp.dll
0x00007ff9ed7b0000 - 0x00007ff9ed949000 	C:\Program Files\Java\jdk1.8.0_201\jre\bin\awt.dll
0x00007ffa27170000 - 0x00007ffa27234000 	C:\Windows\System32\OLEAUT32.dll
0x00007ffa22710000 - 0x00007ffa2279f000 	C:\Windows\SYSTEM32\apphelp.dll
0x00007ffa228d0000 - 0x00007ffa22969000 	C:\Windows\system32\uxtheme.dll
0x00007ffa26950000 - 0x00007ffa26a85000 	C:\Windows\System32\MSCTF.dll
0x00007ffa273e0000 - 0x00007ffa27536000 	C:\Windows\System32\ole32.dll
0x00007ffa22d10000 - 0x00007ffa22d3d000 	C:\Windows\system32\DWMAPI.DLL
0x00007ffa013b0000 - 0x00007ffa013f7000 	C:\Program Files\Java\jdk1.8.0_201\jre\bin\fontmanager.dll
0x00007ffa01080000 - 0x00007ffa011d6000 	C:\Windows\system32\opengl32.dll
0x00007ffa11ac0000 - 0x00007ffa11aec000 	C:\Windows\SYSTEM32\GLU32.dll
0x00007ffa231e0000 - 0x00007ffa23200000 	C:\Windows\SYSTEM32\dxcore.dll
0x00007ffa0eb20000 - 0x00007ffa0ece7000 	C:\Windows\system32\d3d9.dll
0x00007ffa175c0000 - 0x00007ffa17798000 	C:\Windows\System32\DriverStore\FileRepository\u0351300.inf_amd64_6d6cbd77ac26f221\B351053\aticfx64.dll
0x00007ffa08730000 - 0x00007ffa08761000 	C:\Windows\System32\DriverStore\FileRepository\u0351300.inf_amd64_6d6cbd77ac26f221\B351053\atiu9p64.dll
0x00007ff9ed950000 - 0x00007ff9ee5d9000 	C:\Windows\System32\DriverStore\FileRepository\u0351300.inf_amd64_6d6cbd77ac26f221\B351053\atiumd64.dll
0x00007ffa158f0000 - 0x00007ffa15ae4000 	C:\Windows\SYSTEM32\dbghelp.dll
0x00007ffa10810000 - 0x00007ffa1083a000 	C:\Windows\SYSTEM32\dbgcore.DLL
0x0000000062680000 - 0x0000000063439000 	C:\Windows\System32\DriverStore\FileRepository\u0351300.inf_amd64_6d6cbd77ac26f221\B351053\atiumd6a.dll
0x00007ffa10ad0000 - 0x00007ffa10afe000 	C:\Windows\SYSTEM32\amdihk64.dll
0x00007ffa01b30000 - 0x00007ffa01b4a000 	C:\Program Files\Java\jdk1.8.0_201\jre\bin\net.dll
0x00007ffa15da0000 - 0x00007ffa15f76000 	C:\Windows\SYSTEM32\urlmon.dll
0x00007ffa15af0000 - 0x00007ffa15d96000 	C:\Windows\SYSTEM32\iertutil.dll
0x00007ffa23f50000 - 0x00007ffa23f5c000 	C:\Windows\SYSTEM32\CRYPTBASE.DLL
0x00007ffa23d80000 - 0x00007ffa23de7000 	C:\Windows\system32\mswsock.dll
0x00007ffa014b0000 - 0x00007ffa014c1000 	C:\Program Files\Java\jdk1.8.0_201\jre\bin\nio.dll
0x00007ff9fbd40000 - 0x00007ff9fbd82000 	C:\Program Files\Java\jdk1.8.0_201\jre\bin\t2k.dll
0x00007ffa26e30000 - 0x00007ffa26ed2000 	C:\Windows\System32\clbcatq.dll
0x00007ffa1ae40000 - 0x00007ffa1afef000 	C:\Windows\SYSTEM32\WindowsCodecs.dll
0x00007ffa192a0000 - 0x00007ffa192da000 	C:\Windows\system32\dataexchange.dll
0x00007ffa208d0000 - 0x00007ffa20b2b000 	C:\Windows\system32\d3d11.dll
0x00007ffa22320000 - 0x00007ffa224fb000 	C:\Windows\system32\dcomp.dll
0x00007ffa23270000 - 0x00007ffa2335b000 	C:\Windows\system32\dxgi.dll
0x00007ffa229c0000 - 0x00007ffa22c1a000 	C:\Windows\system32\twinapi.appcore.dll
0x00007ffa22ed0000 - 0x00007ffa22ef9000 	C:\Windows\system32\RMCLIENT.dll
0x00007ffa17d30000 - 0x00007ffa17dce000 	C:\Windows\System32\TextInputFramework.dll
0x00007ffa1bfc0000 - 0x00007ffa1c2ea000 	C:\Windows\System32\CoreUIComponents.dll
0x00007ffa22500000 - 0x00007ffa225d4000 	C:\Windows\System32\CoreMessaging.dll
0x00007ffa235d0000 - 0x00007ffa23601000 	C:\Windows\SYSTEM32\ntmarta.dll
0x00007ffa20360000 - 0x00007ffa204b3000 	C:\Windows\SYSTEM32\wintypes.dll
0x00007ffa03e20000 - 0x00007ffa03e4a000 	C:\Program Files\Java\jdk1.8.0_201\jre\bin\dcpr.dll

VM Arguments:
jvm_args: -Dfile.encoding=UTF-8 
java_command: javaapplication2.loginpage
java_class_path (initial): C:\Program Files\NetBeans-11.2\netbeans\java\modules\ext\AbsoluteLayout.jar;C:\Users\Deadpooltyagi\Downloads\db-derby-10.15.2.0-bin.zip;C:\Users\Deadpooltyagi\Downloads\mysql-connector-java-8.0.20\mysql-connector-java-8.0.20.jar;C:\Users\Deadpooltyagi\Documents\NetBeansProjects\JavaApplication2\build\classes
Launcher Type: SUN_STANDARD

Environment Variables:
PATH=C:\Program Files (x86)\Common Files\Oracle\Java\javapath;C:\Windows\system32;C:\Windows;C:\Windows\System32\Wbem;C:\Windows\System32\WindowsPowerShell\v1.0\;C:\Windows\System32\OpenSSH\;C:\Program Files\Java\jdk1.8.0_201\bin;C:\Program Files\dotnet\;C:\Users\Deadpooltyagi\AppData\Local\Microsoft\WindowsApps;;C:\Users\Deadpooltyagi\AppData\Local\Programs\Microsoft VS Code\bin
USERNAME=Deadpooltyagi
OS=Windows_NT
PROCESSOR_IDENTIFIER=AMD64 Family 23 Model 24 Stepping 1, AuthenticAMD



---------------  S Y S T E M  ---------------

OS: Windows 10.0 , 64 bit Build 18362 (10.0.18362.329)

CPU:total 8 (initial active 8) (8 cores per cpu, 1 threads per core) family 23 model 24 stepping 1, cmov, cx8, fxsr, mmx, sse, sse2, sse3, ssse3, sse4.1, sse4.2, popcnt, avx, avx2, aes, clmul, mmxext, 3dnowpref, lzcnt, sse4a, tsc, tscinvbit, tscinv, bmi1

Memory: 4k page, physical 6228620k(428072k free), swap 25102988k(3024k free)

vm_info: Java HotSpot(TM) 64-Bit Server VM (25.201-b09) for windows-amd64 JRE (1.8.0_201-b09), built on Dec 15 2018 18:36:39 by "java_re" with MS VC++ 10.0 (VS2010)

time: Mon May 04 14:01:06 2020
timezone: India Standard Time
elapsed time: 2 seconds (0d 0h 0m 2s)

